<?xml version="1.0" encoding="UTF-8"?>
<!-- Generated by org.testng.reporters.JUnitReportReporter -->
<testsuite hostname="TNQ-BCP-617" failures="0" tests="1" name="TestComponent.UITest" time="51.754" errors="0" timestamp="2022-03-03T21:04:08 IST" skipped="0">
  <testcase classname="TestComponent.UITest" name="Scenarioone" time="51.754"/>
  <system-out/>
</testsuite> <!-- TestComponent.UITest -->
