<?xml version="1.0" encoding="UTF-8"?>
<!-- Generated by org.testng.reporters.JUnitReportReporter -->
<testsuite hostname="TNQ-BCP-617" failures="0" tests="2" name="TestComponent.UITest" time="101.228" errors="0" timestamp="2022-03-04T13:54:26 IST" skipped="0">
  <testcase classname="TestComponent.UITest" name="Scenariotwo" time="43.399"/>
  <system-out/>
  <testcase classname="TestComponent.UITest" name="Scenarioone" time="57.829"/>
  <system-out/>
</testsuite> <!-- TestComponent.UITest -->
